<?xml version="1.0" encoding="UTF-8"?>
<!-- Generated by org.testng.reporters.JUnitXMLReporter -->
<testsuite ignored="0" hostname="DESKTOP-EMD60LA" failures="0" tests="3" name="Test1" time="4.738" errors="0" timestamp="2022-06-01T17:42:27 IST">
  <testcase classname="HRMApplication.A_HRM_LoginPage1" name="@BeforeTest setBrowser" time="4.584">
    <failure type="org.openqa.selenium.SessionNotCreatedException" message="session not created: This version of ChromeDriver only supports Chrome version 100
Current browser version is 102.0.5005.63 with binary path C:\Program Files\Google\Chrome\Application\chrome.exe
Build info: version: &amp;apos;3.141.59&amp;apos;, revision: &amp;apos;e82be7d358&amp;apos;, time: &amp;apos;2018-11-14T08:17:03&amp;apos;
System info: host: &amp;apos;DESKTOP-EMD60LA&amp;apos;, ip: &amp;apos;192.168.0.102&amp;apos;, os.name: &amp;apos;Windows 10&amp;apos;, os.arch: &amp;apos;amd64&amp;apos;, os.version: &amp;apos;10.0&amp;apos;, java.version: &amp;apos;17.0.2&amp;apos;
Driver info: driver.version: ChromeDriver
remote stacktrace: Backtrace:
	Ordinal0 [0x007E7413+2389011]
	Ordinal0 [0x00779F61+1941345]
	Ordinal0 [0x0066C658+837208]
	Ordinal0 [0x0068C773+968563]
	Ordinal0 [0x0068837A+951162]
	Ordinal0 [0x00685C51+941137]
	Ordinal0 [0x006B8C80+1150080]
	Ordinal0 [0x006B88DA+1149146]
	Ordinal0 [0x006B3F66+1130342]
	Ordinal0 [0x0068E546+976198]
	Ordinal0 [0x0068F456+980054]
	GetHandleVerifier [0x00999632+1727522]
	GetHandleVerifier [0x00A4BA4D+2457661]
	GetHandleVerifier [0x0087EB81+569713]
	GetHandleVerifier [0x0087DD76+566118]
	Ordinal0 [0x00780B2B+1968939]
	Ordinal0 [0x00785988+1989000]
	Ordinal0 [0x00785A75+1989237]
	Ordinal0 [0x0078ECB1+2026673]
	BaseThreadInitThunk [0x7580FA29+25]
	RtlGetAppContainerNamedObjectPath [0x76EC7A7E+286]
	RtlGetAppContainerNamedObjectPath [0x76EC7A4E+238]
">
      <![CDATA[org.openqa.selenium.SessionNotCreatedException: session not created: This version of ChromeDriver only supports Chrome version 100
Current browser version is 102.0.5005.63 with binary path C:\Program Files\Google\Chrome\Application\chrome.exe
Build info: version: '3.141.59', revision: 'e82be7d358', time: '2018-11-14T08:17:03'
System info: host: 'DESKTOP-EMD60LA', ip: '192.168.0.102', os.name: 'Windows 10', os.arch: 'amd64', os.version: '10.0', java.version: '17.0.2'
Driver info: driver.version: ChromeDriver
remote stacktrace: Backtrace:
Ordinal0 [0x007E7413+2389011]
Ordinal0 [0x00779F61+1941345]
Ordinal0 [0x0066C658+837208]
Ordinal0 [0x0068C773+968563]
Ordinal0 [0x0068837A+951162]
Ordinal0 [0x00685C51+941137]
Ordinal0 [0x006B8C80+1150080]
Ordinal0 [0x006B88DA+1149146]
Ordinal0 [0x006B3F66+1130342]
Ordinal0 [0x0068E546+976198]
Ordinal0 [0x0068F456+980054]
GetHandleVerifier [0x00999632+1727522]
GetHandleVerifier [0x00A4BA4D+2457661]
GetHandleVerifier [0x0087EB81+569713]
GetHandleVerifier [0x0087DD76+566118]
Ordinal0 [0x00780B2B+1968939]
Ordinal0 [0x00785988+1989000]
Ordinal0 [0x00785A75+1989237]
Ordinal0 [0x0078ECB1+2026673]
BaseThreadInitThunk [0x7580FA29+25]
RtlGetAppContainerNamedObjectPath [0x76EC7A7E+286]
RtlGetAppContainerNamedObjectPath [0x76EC7A4E+238]

at org.openqa.selenium.remote.W3CHandshakeResponse.lambda$errorHandler$0(W3CHandshakeResponse.java:62)
at org.openqa.selenium.remote.HandshakeResponse.lambda$getResponseFunction$0(HandshakeResponse.java:30)
at org.openqa.selenium.remote.ProtocolHandshake.lambda$createSession$0(ProtocolHandshake.java:126)
at java.base/java.util.stream.ReferencePipeline$3$1.accept(ReferencePipeline.java:197)
at java.base/java.util.Spliterators$ArraySpliterator.tryAdvance(Spliterators.java:1002)
at java.base/java.util.stream.ReferencePipeline.forEachWithCancel(ReferencePipeline.java:129)
at java.base/java.util.stream.AbstractPipeline.copyIntoWithCancel(AbstractPipeline.java:527)
at java.base/java.util.stream.AbstractPipeline.copyInto(AbstractPipeline.java:513)
at java.base/java.util.stream.AbstractPipeline.wrapAndCopyInto(AbstractPipeline.java:499)
at java.base/java.util.stream.FindOps$FindOp.evaluateSequential(FindOps.java:150)
at java.base/java.util.stream.AbstractPipeline.evaluate(AbstractPipeline.java:234)
at java.base/java.util.stream.ReferencePipeline.findFirst(ReferencePipeline.java:647)
at org.openqa.selenium.remote.ProtocolHandshake.createSession(ProtocolHandshake.java:128)
at org.openqa.selenium.remote.ProtocolHandshake.createSession(ProtocolHandshake.java:74)
at org.openqa.selenium.remote.HttpCommandExecutor.execute(HttpCommandExecutor.java:136)
at org.openqa.selenium.remote.service.DriverCommandExecutor.execute(DriverCommandExecutor.java:83)
at org.openqa.selenium.remote.RemoteWebDriver.execute(RemoteWebDriver.java:552)
at org.openqa.selenium.remote.RemoteWebDriver.startSession(RemoteWebDriver.java:213)
at org.openqa.selenium.remote.RemoteWebDriver.<init>(RemoteWebDriver.java:131)
at org.openqa.selenium.chrome.ChromeDriver.<init>(ChromeDriver.java:181)
at org.openqa.selenium.chrome.ChromeDriver.<init>(ChromeDriver.java:168)
at org.openqa.selenium.chrome.ChromeDriver.<init>(ChromeDriver.java:123)
at Browser.Base.openchromeDriver(Base.java:16)
at HRMApplication.A_HRM_LoginPage1.setBrowser(A_HRM_LoginPage1.java:64)
... Removed 29 stack frames]]>
    </failure>
  </testcase> <!-- @BeforeTest setBrowser -->
  <testcase classname="HRMApplication.A_HRM_LoginPage1" name="@BeforeClass beforeclass" time="-1.654085546891E9">
    <skipped/>
  </testcase> <!-- @BeforeClass beforeclass -->
  <testcase classname="HRMApplication.A_HRM_LoginPage1" name="@BeforeMethod beforeMethod" time="-1.654085546914E9">
    <skipped/>
  </testcase> <!-- @BeforeMethod beforeMethod -->
  <testcase classname="HRMApplication.A_HRM_LoginPage1" name="@AfterMethod afterMethod" time="-1.654085546931E9">
    <skipped/>
  </testcase> <!-- @AfterMethod afterMethod -->
  <testcase classname="HRMApplication.A_HRM_LoginPage1" name="@BeforeMethod beforeMethod" time="-1.654085546937E9">
    <skipped/>
  </testcase> <!-- @BeforeMethod beforeMethod -->
  <testcase classname="HRMApplication.A_HRM_LoginPage1" name="@AfterMethod afterMethod" time="-1.654085546952E9">
    <skipped/>
  </testcase> <!-- @AfterMethod afterMethod -->
  <testcase classname="HRMApplication.A_HRM_LoginPage1" name="@BeforeMethod beforeMethod" time="-1.654085546954E9">
    <skipped/>
  </testcase> <!-- @BeforeMethod beforeMethod -->
  <testcase classname="HRMApplication.A_HRM_LoginPage1" name="@AfterMethod afterMethod" time="-1.654085546969E9">
    <skipped/>
  </testcase> <!-- @AfterMethod afterMethod -->
  <testcase classname="HRMApplication.A_HRM_LoginPage1" name="@AfterClass afterClass" time="-1.654085546973E9">
    <skipped/>
  </testcase> <!-- @AfterClass afterClass -->
  <testcase classname="HRMApplication.A_HRM_LoginPage1" name="@AfterTest afterTest0" time="-1.65408554698E9">
    <skipped/>
  </testcase> <!-- @AfterTest afterTest0 -->
  <testcase classname="HRMApplication.A_HRM_LoginPage1" name="test3" time="0.0">
    <skipped/>
  </testcase> <!-- test3 -->
  <testcase classname="HRMApplication.A_HRM_LoginPage1" name="test3" time="0.0">
    <skipped/>
  </testcase> <!-- test3 -->
  <testcase classname="HRMApplication.A_HRM_LoginPage1" name="test3" time="0.0">
    <skipped/>
  </testcase> <!-- test3 -->
</testsuite> <!-- Test1 -->
