<?xml version="1.0" encoding="UTF-8"?>
<!-- Generated by org.testng.reporters.JUnitXMLReporter -->
<testsuite ignored="0" hostname="DESKTOP-EMD60LA" failures="0" tests="4" name="Test3" time="0.297" errors="0" timestamp="2022-05-28T23:06:18 IST">
  <testcase classname="HRMApplication.A_HRM_LoginPage1" name="@BeforeTest setBrowser" time="0.016">
    <failure type="java.lang.IllegalStateException" message="The driver executable does not exist: C:\Users\Admin\eclipse-workspace\MP\src\test\resource\AllBrowser\operadriver.exe">
      <![CDATA[java.lang.IllegalStateException: The driver executable does not exist: C:\Users\Admin\eclipse-workspace\MP\src\test\resource\AllBrowser\operadriver.exe
at com.google.common.base.Preconditions.checkState(Preconditions.java:585)
at org.openqa.selenium.remote.service.DriverService.checkExecutable(DriverService.java:146)
at org.openqa.selenium.remote.service.DriverService.findExecutable(DriverService.java:141)
at org.openqa.selenium.opera.OperaDriverService.access$000(OperaDriverService.java:35)
at org.openqa.selenium.opera.OperaDriverService$Builder.findDefaultExecutable(OperaDriverService.java:141)
at org.openqa.selenium.remote.service.DriverService$Builder.build(DriverService.java:355)
at org.openqa.selenium.opera.OperaDriverService.createDefaultService(OperaDriverService.java:85)
at org.openqa.selenium.opera.OperaDriver.<init>(OperaDriver.java:139)
at Browser.Base.openOpera(Base.java:52)
at HRMApplication.A_HRM_LoginPage1.setBrowser(A_HRM_LoginPage1.java:64)
... Removed 24 stack frames]]>
    </failure>
  </testcase> <!-- @BeforeTest setBrowser -->
  <testcase classname="HRMApplication.A_Recruitment" name="@BeforeTest setBrowser" time="-1.653759378113E9">
    <skipped/>
  </testcase> <!-- @BeforeTest setBrowser -->
  <testcase classname="HRMApplication.A_HRM_LoginPage1" name="@BeforeClass beforeclass" time="-1.65375937812E9">
    <skipped/>
  </testcase> <!-- @BeforeClass beforeclass -->
  <testcase classname="HRMApplication.A_HRM_LoginPage1" name="@BeforeMethod beforeMethod" time="-1.653759378128E9">
    <skipped/>
  </testcase> <!-- @BeforeMethod beforeMethod -->
  <testcase classname="HRMApplication.A_HRM_LoginPage1" name="@AfterMethod afterMethod" time="-1.653759378146E9">
    <skipped/>
  </testcase> <!-- @AfterMethod afterMethod -->
  <testcase classname="HRMApplication.A_HRM_LoginPage1" name="@BeforeMethod beforeMethod" time="-1.653759378155E9">
    <skipped/>
  </testcase> <!-- @BeforeMethod beforeMethod -->
  <testcase classname="HRMApplication.A_HRM_LoginPage1" name="@AfterMethod afterMethod" time="-1.653759378229E9">
    <skipped/>
  </testcase> <!-- @AfterMethod afterMethod -->
  <testcase classname="HRMApplication.A_HRM_LoginPage1" name="@BeforeMethod beforeMethod" time="-1.653759378233E9">
    <skipped/>
  </testcase> <!-- @BeforeMethod beforeMethod -->
  <testcase classname="HRMApplication.A_HRM_LoginPage1" name="@AfterMethod afterMethod" time="-1.653759378253E9">
    <skipped/>
  </testcase> <!-- @AfterMethod afterMethod -->
  <testcase classname="HRMApplication.A_HRM_LoginPage1" name="@AfterClass afterClass" time="-1.653759378277E9">
    <skipped/>
  </testcase> <!-- @AfterClass afterClass -->
  <testcase classname="HRMApplication.A_Recruitment" name="@BeforeClass beforeclass" time="-1.653759378292E9">
    <skipped/>
  </testcase> <!-- @BeforeClass beforeclass -->
  <testcase classname="HRMApplication.A_Recruitment" name="@BeforeMethod beforeMethod" time="-1.653759378302E9">
    <skipped/>
  </testcase> <!-- @BeforeMethod beforeMethod -->
  <testcase classname="HRMApplication.A_Recruitment" name="@AfterMethod afterMethod" time="-1.653759378309E9">
    <skipped/>
  </testcase> <!-- @AfterMethod afterMethod -->
  <testcase classname="HRMApplication.A_Recruitment" name="@AfterClass afterClass" time="-1.653759378313E9">
    <skipped/>
  </testcase> <!-- @AfterClass afterClass -->
  <testcase classname="HRMApplication.A_HRM_LoginPage1" name="@AfterTest afterTest0" time="-1.65375937834E9">
    <skipped/>
  </testcase> <!-- @AfterTest afterTest0 -->
  <testcase classname="HRMApplication.A_HRM_LoginPage1" name="test1" time="0.0">
    <skipped/>
  </testcase> <!-- test1 -->
  <testcase classname="HRMApplication.A_HRM_LoginPage1" name="test2" time="0.0">
    <skipped/>
  </testcase> <!-- test2 -->
  <testcase classname="HRMApplication.A_HRM_LoginPage1" name="test3" time="0.0">
    <skipped/>
  </testcase> <!-- test3 -->
  <testcase classname="HRMApplication.A_Recruitment" name="test" time="0.0">
    <skipped/>
  </testcase> <!-- test -->
</testsuite> <!-- Test3 -->
